2024-12-12 19:33:56,600 - INFO - group name 00000001
2024-12-12 19:34:15,869 - INFO - group name Dada (1
2024-12-12 19:34:25,979 - INFO - group name Bull Hotel Testing
2024-12-12 19:34:37,813 - INFO - ************ BEFORE ******************
2024-12-12 19:34:41,022 - INFO - ************ AFTER ******************
2024-12-12 20:35:03,104 - INFO - group name 00000001
2024-12-12 20:35:13,593 - INFO - ************ BEFORE ******************
2024-12-12 20:35:18,603 - INFO - ************ AFTER ******************
2024-12-12 21:35:01,145 - INFO - group name 00000001
2024-12-12 21:35:11,584 - INFO - ************ BEFORE ******************
2024-12-12 21:35:15,861 - INFO - ************ AFTER ******************
2024-12-12 22:35:00,687 - INFO - group name 00000001
2024-12-12 22:35:10,944 - INFO - ************ BEFORE ******************
2024-12-12 22:35:13,936 - INFO - ************ AFTER ******************
2024-12-12 23:11:01,877 - INFO - group name Mother, Father, H&V
2024-12-12 23:11:12,305 - INFO - ************ BEFORE ******************
2024-12-12 23:11:16,611 - INFO - ************ AFTER ******************
2024-12-12 23:35:03,582 - INFO - group name 00000001
2024-12-12 23:35:14,098 - INFO - ************ BEFORE ******************
2024-12-12 23:35:19,921 - INFO - ************ AFTER ******************
2024-12-13 00:35:01,150 - INFO - group name 00000001
2024-12-13 00:35:11,635 - INFO - ************ BEFORE ******************
2024-12-13 00:35:15,589 - INFO - ************ AFTER ******************
2024-12-13 01:35:03,727 - INFO - group name 00000001
2024-12-13 01:35:13,676 - INFO - ************ BEFORE ******************
2024-12-13 01:35:16,953 - INFO - ************ AFTER ******************
2024-12-13 02:35:01,204 - INFO - group name 00000001
2024-12-13 02:35:11,674 - INFO - ************ BEFORE ******************
2024-12-13 02:35:15,870 - INFO - ************ AFTER ******************
2024-12-13 03:35:03,450 - INFO - group name 00000001
2024-12-13 03:35:14,400 - INFO - ************ BEFORE ******************
2024-12-13 03:35:20,884 - INFO - ************ AFTER ******************
